<?xml version="1.0" encoding="UTF-8"?>
<!-- Generated by org.testng.reporters.JUnitReportReporter -->
<testsuite hostname="DESKTOP-POEHMIU" failures="0" tests="1" name="test.TestAvianca" time="213.992" errors="0" timestamp="2021-07-18T22:26:39 COT" skipped="0">
  <testcase classname="test.TestAvianca" name="test" time="213.992"/>
  <system-out/>
</testsuite> <!-- test.TestAvianca -->
